Log file open, 04/16/18 14:15:32
LogWindows: Failed to load 'aqProf.dll' (GetLastError=126)
LogWindows: File 'aqProf.dll' does not exist
LogWindows: Failed to load 'VSPerf140.dll' (GetLastError=126)
LogWindows: File 'VSPerf140.dll' does not exist
LogWindows: Failed to load 'VtuneApi.dll' (GetLastError=126)
LogWindows: File 'VtuneApi.dll' does not exist
LogWindows: Failed to load 'VtuneApi32e.dll' (GetLastError=126)
LogWindows: File 'VtuneApi32e.dll' does not exist
LogInit: Display: Running engine for game: UT
LogPlatformFile: Not using cached read wrapper
LogInit: Display: RandInit(-2029237635) SRandInit(-2029237635).
LogInit: Read version file with build ID '3944462'
LogInit: Overriding engine version to CL 3944462, compatible CL 3944462
LogInit: Registered custom module enumerator with build ID '3944462'
LogTaskGraph: Started task graph with 5 named threads and 23 total threads with 3 sets of task threads.
LogStats: Stats thread started at 0.287929
LogD3D11RHI: Aftermath initialized
LogICUInternationalization: Display: ICU TimeZone Detection - Raw Offset: +8:00, Platform Override: ''
LogModuleManager: Display: Found up-to-date module file ../../../Engine/Plugins/Marketplace/EasyActionPlugin/Binaries/Win64/UE4Editor-EasyActionPlugin.dll (API version 3944462).
LogModuleManager: Display: Found up-to-date module file ../../../Engine/Plugins/Marketplace/JSONParser/Binaries/Win64/UE4Editor-JSONParser.dll (API version 3944462).
LogModuleManager: Display: Found up-to-date module file ../../../Engine/Plugins/Marketplace/Substance/Binaries/Win64/UE4Editor-SubstanceCore.dll (API version 3944462).
LogModuleManager: Display: Found up-to-date module file ../../../Engine/Plugins/Marketplace/Substance/Binaries/Win64/UE4Editor-SubstanceEditor.dll (API version 3944462).
LogModuleManager: Display: Found up-to-date module file ../../../Engine/Plugins/Marketplace/Substance/Binaries/Win64/UE4Editor-SubstanceSource.dll (API version 3944462).
LogModuleManager: Display: Found up-to-date module file ../../../Engine/Plugins/Marketplace/Substance/Binaries/Win64/UE4Editor-SubstanceLiveLink.dll (API version 3944462).
LogModuleManager: Display: Found up-to-date module file ../../../Engine/Plugins/Marketplace/WebCommunication/Binaries/Win64/UE4Editor-WebCommunication.dll (API version 3944462).
LogModuleManager: Display: Found up-to-date module file ../../../Engine/Plugins/2D/Paper2D/Binaries/Win64/UE4Editor-Paper2D.dll (API version 3944462).
LogModuleManager: Display: Found up-to-date module file ../../../Engine/Plugins/2D/Paper2D/Binaries/Win64/UE4Editor-Paper2DEditor.dll (API version 3944462).
LogModuleManager: Display: Found up-to-date module file ../../../Engine/Plugins/2D/Paper2D/Binaries/Win64/UE4Editor-PaperSpriteSheetImporter.dll (API version 3944462).
LogModuleManager: Display: Found up-to-date module file ../../../Engine/Plugins/2D/Paper2D/Binaries/Win64/UE4Editor-PaperTiledImporter.dll (API version 3944462).
LogModuleManager: Display: Found up-to-date module file ../../../Engine/Plugins/2D/Paper2D/Binaries/Win64/UE4Editor-SmartSnapping.dll (API version 3944462).
LogModuleManager: Display: Found up-to-date module file ../../../Engine/Plugins/Blendables/LightPropagationVolume/Binaries/Win64/UE4Editor-LightPropagationVolumeRuntime.dll (API version 3944462).
LogModuleManager: Display: Found up-to-date module file ../../../Engine/Plugins/Blendables/LightPropagationVolume/Binaries/Win64/UE4Editor-LightPropagationVolumeEditor.dll (API version 3944462).
LogModuleManager: Display: Found up-to-date module file ../../../Engine/Plugins/Developer/CLionSourceCodeAccess/Binaries/Win64/UE4Editor-CLionSourceCodeAccess.dll (API version 3944462).
LogModuleManager: Display: Found up-to-date module file ../../../Engine/Plugins/Developer/GitSourceControl/Binaries/Win64/UE4Editor-GitSourceControl.dll (API version 3944462).
LogModuleManager: Display: Found up-to-date module file ../../../Engine/Plugins/Developer/PerforceSourceControl/Binaries/Win64/UE4Editor-PerforceSourceControl.dll (API version 3944462).
LogModuleManager: Display: Found up-to-date module file ../../../Engine/Plugins/Developer/SubversionSourceControl/Binaries/Win64/UE4Editor-SubversionSourceControl.dll (API version 3944462).
LogModuleManager: Display: Found up-to-date module file ../../../Engine/Plugins/Developer/UObjectPlugin/Binaries/Win64/UE4Editor-UObjectPlugin.dll (API version 3944462).
LogModuleManager: Display: Found up-to-date module file ../../../Engine/Plugins/Developer/VisualStudioCodeSourceCodeAccess/Binaries/Win64/UE4Editor-VisualStudioCodeSourceCodeAccess.dll (API version 3944462).
LogModuleManager: Display: Found up-to-date module file ../../../Engine/Plugins/Developer/VisualStudioSourceCodeAccess/Binaries/Win64/UE4Editor-VisualStudioSourceCodeAccess.dll (API version 3944462).
LogModuleManager: Display: Found up-to-date module file ../../../Engine/Plugins/Editor/AssetManagerEditor/Binaries/Win64/UE4Editor-AssetManagerEditor.dll (API version 3944462).
LogModuleManager: Display: Found up-to-date module file ../../../Engine/Plugins/Editor/CryptoKeys/Binaries/Win64/UE4Editor-CryptoKeys.dll (API version 3944462).
LogModuleManager: Display: Found up-to-date module file ../../../Engine/Plugins/Editor/CryptoKeys/Binaries/Win64/UE4Editor-CryptoKeysOpenSSL.dll (API version 3944462).
LogModuleManager: Display: Found up-to-date module file ../../../Engine/Plugins/Editor/DataValidation/Binaries/Win64/UE4Editor-DataValidation.dll (API version 3944462).
LogModuleManager: Display: Found up-to-date module file ../../../Engine/Plugins/Editor/FacialAnimation/Binaries/Win64/UE4Editor-FacialAnimation.dll (API version 3944462).
LogModuleManager: Display: Found up-to-date module file ../../../Engine/Plugins/Editor/FacialAnimation/Binaries/Win64/UE4Editor-FacialAnimationEditor.dll (API version 3944462).
LogModuleManager: Display: Found up-to-date module file ../../../Engine/Plugins/Editor/GameplayTagsEditor/Binaries/Win64/UE4Editor-GameplayTagsEditor.dll (API version 3944462).
LogModuleManager: Display: Found up-to-date module file ../../../Engine/Plugins/Editor/MobileLauncherProfileWizard/Binaries/Win64/UE4Editor-MobileLauncherProfileWizard.dll (API version 3944462).
LogModuleManager: Display: Found up-to-date module file ../../../Engine/Plugins/Editor/PluginBrowser/Binaries/Win64/UE4Editor-PluginBrowser.dll (API version 3944462).
LogModuleManager: Display: Found up-to-date module file ../../../Engine/Plugins/Editor/SpeedTreeImporter/Binaries/Win64/UE4Editor-SpeedTreeImporter.dll (API version 3944462).
LogModuleManager: Display: Found up-to-date module file ../../../Engine/Plugins/Enterprise/DatasmithContent/Binaries/Win64/UE4Editor-DatasmithContent.dll (API version 3944462).
LogModuleManager: Display: Found up-to-date module file ../../../Engine/Plugins/Experimental/AlembicImporter/Binaries/Win64/UE4Editor-AlembicImporter.dll (API version 3944462).
LogModuleManager: Display: Found up-to-date module file ../../../Engine/Plugins/Experimental/AlembicImporter/Binaries/Win64/UE4Editor-AlembicLibrary.dll (API version 3944462).
LogModuleManager: Display: Found up-to-date module file ../../../Engine/Plugins/Experimental/CharacterAI/Binaries/Win64/UE4Editor-CharacterAI.dll (API version 3944462).
LogModuleManager: Display: Found up-to-date module file ../../../Engine/Plugins/Experimental/HTML5Networking/Binaries/Win64/UE4Editor-HTML5Networking.dll (API version 3944462).
LogModuleManager: Display: Found up-to-date module file ../../../Engine/Plugins/Media/AndroidMedia/Binaries/Win64/UE4Editor-AndroidMediaEditor.dll (API version 3944462).
LogModuleManager: Display: Found up-to-date module file ../../../Engine/Plugins/Media/AndroidMedia/Binaries/Win64/UE4Editor-AndroidMediaFactory.dll (API version 3944462).
LogModuleManager: Display: Found up-to-date module file ../../../Engine/Plugins/Media/AvfMedia/Binaries/Win64/UE4Editor-AvfMediaEditor.dll (API version 3944462).
LogModuleManager: Display: Found up-to-date module file ../../../Engine/Plugins/Media/AvfMedia/Binaries/Win64/UE4Editor-AvfMediaFactory.dll (API version 3944462).
LogModuleManager: Display: Found up-to-date module file ../../../Engine/Plugins/Media/AvfMedia/Binaries/Win64/UE4Editor-AvfMediaFactory.dll (API version 3944462).
LogModuleManager: Display: Found up-to-date module file ../../../Engine/Plugins/Media/ImgMedia/Binaries/Win64/UE4Editor-ImgMedia.dll (API version 3944462).
LogModuleManager: Display: Found up-to-date module file ../../../Engine/Plugins/Media/ImgMedia/Binaries/Win64/UE4Editor-ImgMediaEditor.dll (API version 3944462).
LogModuleManager: Display: Found up-to-date module file ../../../Engine/Plugins/Media/ImgMedia/Binaries/Win64/UE4Editor-ImgMediaFactory.dll (API version 3944462).
LogModuleManager: Display: Found up-to-date module file ../../../Engine/Plugins/Media/ImgMedia/Binaries/Win64/UE4Editor-ImgMediaFactory.dll (API version 3944462).
LogModuleManager: Display: Found up-to-date module file ../../../Engine/Plugins/Media/ImgMedia/Binaries/Win64/UE4Editor-OpenExrWrapper.dll (API version 3944462).
LogModuleManager: Display: Found up-to-date module file ../../../Engine/Plugins/Media/LinearTimecode/Binaries/Win64/UE4Editor-LinearTimecode.dll (API version 3944462).
LogModuleManager: Display: Found up-to-date module file ../../../Engine/Plugins/Media/MediaCompositing/Binaries/Win64/UE4Editor-MediaCompositing.dll (API version 3944462).
LogModuleManager: Display: Found up-to-date module file ../../../Engine/Plugins/Media/MediaCompositing/Binaries/Win64/UE4Editor-MediaCompositingEditor.dll (API version 3944462).
LogModuleManager: Display: Found up-to-date module file ../../../Engine/Plugins/Media/MediaPlayerEditor/Binaries/Win64/UE4Editor-MediaPlayerEditor.dll (API version 3944462).
LogModuleManager: Display: Found up-to-date module file ../../../Engine/Plugins/Media/WmfMedia/Binaries/Win64/UE4Editor-WmfMedia.dll (API version 3944462).
LogModuleManager: Display: Found up-to-date module file ../../../Engine/Plugins/Media/WmfMedia/Binaries/Win64/UE4Editor-WmfMediaEditor.dll (API version 3944462).
LogModuleManager: Display: Found up-to-date module file ../../../Engine/Plugins/Media/WmfMedia/Binaries/Win64/UE4Editor-WmfMediaFactory.dll (API version 3944462).
LogModuleManager: Display: Found up-to-date module file ../../../Engine/Plugins/Media/WmfMedia/Binaries/Win64/UE4Editor-WmfMediaFactory.dll (API version 3944462).
LogModuleManager: Display: Found up-to-date module file ../../../Engine/Plugins/Messaging/TcpMessaging/Binaries/Win64/UE4Editor-TcpMessaging.dll (API version 3944462).
LogModuleManager: Display: Found up-to-date module file ../../../Engine/Plugins/Messaging/UdpMessaging/Binaries/Win64/UE4Editor-UdpMessaging.dll (API version 3944462).
LogModuleManager: Display: Found up-to-date module file ../../../Engine/Plugins/MovieScene/ActorSequence/Binaries/Win64/UE4Editor-ActorSequence.dll (API version 3944462).
LogModuleManager: Display: Found up-to-date module file ../../../Engine/Plugins/MovieScene/LevelSequenceEditor/Binaries/Win64/UE4Editor-LevelSequenceEditor.dll (API version 3944462).
LogModuleManager: Display: Found up-to-date module file ../../../Engine/Plugins/MovieScene/MatineeToLevelSequence/Binaries/Win64/UE4Editor-MatineeToLevelSequence.dll (API version 3944462).
LogModuleManager: Display: Found up-to-date module file ../../../Engine/Plugins/NetcodeUnitTest/NetcodeUnitTest/Binaries/Win64/UE4Editor-NetcodeUnitTest.dll (API version 3944462).
LogModuleManager: Display: Found up-to-date module file ../../../Engine/Plugins/NetcodeUnitTest/NUTUnrealEngine4/Binaries/Win64/UE4Editor-NUTUnrealEngine4.dll (API version 3944462).
LogModuleManager: Display: Found up-to-date module file ../../../Engine/Plugins/Online/OnlineSubsystem/Binaries/Win64/UE4Editor-OnlineSubsystem.dll (API version 3944462).
LogModuleManager: Display: Found up-to-date module file ../../../Engine/Plugins/Runtime/AndroidPermission/Binaries/Win64/UE4Editor-AndroidPermission.dll (API version 3944462).
LogModuleManager: Display: Found up-to-date module file ../../../Engine/Plugins/Online/OnlineSubsystemNull/Binaries/Win64/UE4Editor-OnlineSubsystemNull.dll (API version 3944462).
LogModuleManager: Display: Found up-to-date module file ../../../Engine/Plugins/Online/OnlineSubsystemUtils/Binaries/Win64/UE4Editor-OnlineSubsystemUtils.dll (API version 3944462).
LogModuleManager: Display: Found up-to-date module file ../../../Engine/Plugins/Online/OnlineSubsystemUtils/Binaries/Win64/UE4Editor-OnlineBlueprintSupport.dll (API version 3944462).
LogModuleManager: Display: Found up-to-date module file ../../../Engine/Plugins/Runtime/AndroidDeviceProfileSelector/Binaries/Win64/UE4Editor-AndroidDeviceProfileSelector.dll (API version 3944462).
LogModuleManager: Display: Found up-to-date module file ../../../Engine/Plugins/Runtime/AppleARKit/Binaries/Win64/UE4Editor-AppleARKit.dll (API version 3944462).
LogModuleManager: Display: Found up-to-date module file ../../../Engine/Plugins/Runtime/ProceduralMeshComponent/Binaries/Win64/UE4Editor-ProceduralMeshComponent.dll (API version 3944462).
LogModuleManager: Display: Found up-to-date module file ../../../Engine/Plugins/Runtime/ProceduralMeshComponent/Binaries/Win64/UE4Editor-ProceduralMeshComponentEditor.dll (API version 3944462).
LogModuleManager: Display: Found up-to-date module file ../../../Engine/Plugins/Animation/LiveLink/Binaries/Win64/UE4Editor-LiveLink.dll (API version 3944462).
LogModuleManager: Display: Found up-to-date module file ../../../Engine/Plugins/Animation/LiveLink/Binaries/Win64/UE4Editor-LiveLinkEditor.dll (API version 3944462).
LogModuleManager: Display: Found up-to-date module file ../../../Engine/Plugins/Runtime/ArchVisCharacter/Binaries/Win64/UE4Editor-ArchVisCharacter.dll (API version 3944462).
LogModuleManager: Display: Found up-to-date module file ../../../Engine/Plugins/Runtime/AudioCapture/Binaries/Win64/UE4Editor-AudioCapture.dll (API version 3944462).
LogModuleManager: Display: Found up-to-date module file ../../../Engine/Plugins/Runtime/AudioCapture/Binaries/Win64/UE4Editor-AudioCaptureEditor.dll (API version 3944462).
LogModuleManager: Display: Found up-to-date module file ../../../Engine/Plugins/Runtime/CableComponent/Binaries/Win64/UE4Editor-CableComponent.dll (API version 3944462).
LogModuleManager: Display: Found up-to-date module file ../../../Engine/Plugins/Runtime/CustomMeshComponent/Binaries/Win64/UE4Editor-CustomMeshComponent.dll (API version 3944462).
LogModuleManager: Display: Found up-to-date module file ../../../Engine/Plugins/Runtime/ExampleDeviceProfileSelector/Binaries/Win64/UE4Editor-ExampleDeviceProfileSelector.dll (API version 3944462).
LogModuleManager: Display: Found up-to-date module file ../../../Engine/Plugins/Runtime/ImmediatePhysics/Binaries/Win64/UE4Editor-ImmediatePhysics.dll (API version 3944462).
LogModuleManager: Display: Found up-to-date module file ../../../Engine/Plugins/Runtime/ImmediatePhysics/Binaries/Win64/UE4Editor-ImmediatePhysicsEditor.dll (API version 3944462).
LogModuleManager: Display: Found up-to-date module file ../../../Engine/Plugins/Runtime/LocationServicesBPLibrary/Binaries/Win64/UE4Editor-LocationServicesBPLibrary.dll (API version 3944462).
LogModuleManager: Display: Found up-to-date module file ../../../Engine/Plugins/Runtime/MobilePatchingUtils/Binaries/Win64/UE4Editor-MobilePatchingUtils.dll (API version 3944462).
LogModuleManager: Display: Found up-to-date module file ../../../Engine/Plugins/Runtime/Oculus/OculusVR/Binaries/Win64/UE4Editor-OculusHMD.dll (API version 3944462).
LogModuleManager: Display: Found up-to-date module file ../../../Engine/Plugins/Runtime/Oculus/OculusVR/Binaries/Win64/UE4Editor-OculusInput.dll (API version 3944462).
LogModuleManager: Display: Found up-to-date module file ../../../Engine/Plugins/Runtime/Oculus/OculusVR/Binaries/Win64/UE4Editor-OculusEditor.dll (API version 3944462).
LogModuleManager: Display: Found up-to-date module file ../../../Engine/Plugins/Runtime/PhysXVehicles/Binaries/Win64/UE4Editor-PhysXVehicles.dll (API version 3944462).
LogModuleManager: Display: Found up-to-date module file ../../../Engine/Plugins/Runtime/PhysXVehicles/Binaries/Win64/UE4Editor-PhysXVehiclesEditor.dll (API version 3944462).
LogModuleManager: Display: Found up-to-date module file ../../../Engine/Plugins/Runtime/RuntimePhysXCooking/Binaries/Win64/UE4Editor-RuntimePhysXCooking.dll (API version 3944462).
LogModuleManager: Display: Found up-to-date module file ../../../Engine/Plugins/Runtime/Steam/SteamVR/Binaries/Win64/UE4Editor-SteamVR.dll (API version 3944462).
LogModuleManager: Display: Found up-to-date module file ../../../Engine/Plugins/Runtime/Steam/SteamVR/Binaries/Win64/UE4Editor-SteamVRController.dll (API version 3944462).
LogModuleManager: Display: Found up-to-date module file ../../../Engine/Plugins/Runtime/WindowsMoviePlayer/Binaries/Win64/UE4Editor-WindowsMoviePlayer.dll (API version 3944462).
LogPluginManager: Mounting plugin Paper2D
LogPluginManager: Mounting plugin LiveLink
LogPluginManager: Mounting plugin LightPropagationVolume
LogPluginManager: Mounting plugin CLionSourceCodeAccess
LogPluginManager: Mounting plugin CodeLiteSourceCodeAccess
LogPluginManager: Mounting plugin GitSourceControl
LogPluginManager: Mounting plugin KDevelopSourceCodeAccess
LogPluginManager: Mounting plugin NullSourceCodeAccess
LogPluginManager: Mounting plugin PerforceSourceControl
LogPluginManager: Mounting plugin SubversionSourceControl
LogPluginManager: Mounting plugin UObjectPlugin
LogPluginManager: Mounting plugin VisualStudioCodeSourceCodeAccess
LogPluginManager: Mounting plugin VisualStudioSourceCodeAccess
LogPluginManager: Mounting plugin XCodeSourceCodeAccess
LogPluginManager: Mounting plugin AssetManagerEditor
LogPluginManager: Mounting plugin CryptoKeys
LogPluginManager: Mounting plugin DataValidation
LogPluginManager: Mounting plugin FacialAnimation
LogPluginManager: Mounting plugin GameplayTagsEditor
LogPluginManager: Mounting plugin MobileLauncherProfileWizard
LogPluginManager: Mounting plugin PluginBrowser
LogPluginManager: Mounting plugin SpeedTreeImporter
LogPluginManager: Mounting plugin DatasmithContent
LogPluginManager: Mounting plugin AlembicImporter
LogPluginManager: Mounting plugin CharacterAI
LogPluginManager: Mounting plugin HTML5Networking
LogPluginManager: Mounting plugin EasyActionPlugin
LogPluginManager: Mounting plugin JSONParser
LogPluginManager: Mounting plugin Substance
LogPluginManager: Mounting plugin WebCommunication
LogPluginManager: Mounting plugin AndroidMedia
LogPluginManager: Mounting plugin AvfMedia
LogPluginManager: Mounting plugin ImgMedia
LogPluginManager: Mounting plugin LinearTimecode
LogPluginManager: Mounting plugin MediaCompositing
LogPluginManager: Mounting plugin MediaPlayerEditor
LogPluginManager: Mounting plugin WmfMedia
LogPluginManager: Mounting plugin TcpMessaging
LogPluginManager: Mounting plugin UdpMessaging
LogPluginManager: Mounting plugin ActorSequence
LogPluginManager: Mounting plugin LevelSequenceEditor
LogPluginManager: Mounting plugin MatineeToLevelSequence
LogPluginManager: Mounting plugin NetcodeUnitTest
LogPluginManager: Mounting plugin NUTUnrealEngine4
LogPluginManager: Mounting plugin OnlineSubsystemGooglePlay
LogPluginManager: Mounting plugin OnlineSubsystemIOS
LogPluginManager: Mounting plugin OnlineSubsystem
LogPluginManager: Mounting plugin OnlineSubsystemNull
LogPluginManager: Mounting plugin OnlineSubsystemUtils
LogPluginManager: Mounting plugin AndroidDeviceProfileSelector
LogPluginManager: Mounting plugin AndroidMoviePlayer
LogPluginManager: Mounting plugin AndroidPermission
LogPluginManager: Mounting plugin AppleARKit
LogPluginManager: Mounting plugin AppleMoviePlayer
LogPluginManager: Mounting plugin ArchVisCharacter
LogPluginManager: Mounting plugin AudioCapture
LogPluginManager: Mounting plugin CableComponent
LogPluginManager: Mounting plugin CustomMeshComponent
LogPluginManager: Mounting plugin ExampleDeviceProfileSelector
LogPluginManager: Mounting plugin GoogleCloudMessaging
LogPluginManager: Mounting plugin ImmediatePhysics
LogPluginManager: Mounting plugin IOSDeviceProfileSelector
LogPluginManager: Mounting plugin LinuxDeviceProfileSelector
LogPluginManager: Mounting plugin LocationServicesBPLibrary
LogPluginManager: Mounting plugin MobilePatchingUtils
LogPluginManager: Mounting plugin OculusVR
LogPluginManager: Plugin shader directory ../../../Engine/Plugins/Runtime/Oculus/OculusVR/Shaders found
LogPluginManager: Mapping shader source directory ../../../Engine/Plugins/Runtime/Oculus/OculusVR/Shaders to virtual directory /Plugin/OculusVR
LogPluginManager: Mounting plugin PhysXVehicles
LogPluginManager: Mounting plugin ProceduralMeshComponent
LogPluginManager: Mounting plugin RuntimePhysXCooking
LogPluginManager: Mounting plugin SteamVR
LogPluginManager: Mounting plugin WindowsMoviePlayer
LogStreaming: Display: Took  0.852s to configure plugins.
LogInit: Using libcurl 7.47.1
LogInit:  - built for x86_64-pc-win32
LogInit:  - supports SSL with OpenSSL/1.0.2g
LogInit:  - supports HTTP deflate (compression) using libz 1.2.8
LogInit:  - other features:
LogInit:      CURL_VERSION_SSL
LogInit:      CURL_VERSION_LIBZ
LogInit:      CURL_VERSION_IPV6
LogInit:      CURL_VERSION_ASYNCHDNS
LogInit:      CURL_VERSION_LARGEFILE
LogInit:      CURL_VERSION_IDN
LogInit:  CurlRequestOptions (configurable via config and command line):
LogInit:  - bVerifyPeer = false  - Libcurl will NOT verify peer certificate
LogInit:  - bUseHttpProxy = false  - Libcurl will NOT use HTTP proxy
LogInit:  - bDontReuseConnections = false  - Libcurl will reuse connections
LogInit:  - CertBundlePath = nullptr  - Libcurl will use whatever was configured at build time.
LogInit:  - MaxHostConnections = 16  - Libcurl will limit the number of connections to a host
LogInit:  - LocalHostAddr = Default
LogInit: WinSock: version 1.1 (2.2), MaxSocks=32767, MaxUdp=65467
LogInit: WinSock: I am hz (192.168.31.247:0)
LogInit: Build: ++UE4+Release-4.19-CL-3944462
LogInit: Engine Version: 4.19.0-3944462+++UE4+Release-4.19
LogInit: Compatible Engine Version: 4.19.0-3944462+++UE4+Release-4.19
LogInit: Net CL: 3944462
LogDevObjectVersion: Number of dev versions registered: 18
LogDevObjectVersion:   Dev-Blueprints (B0D832E4-1F89-4F0D-ACCF-7EB736FD4AA2): 10
LogDevObjectVersion:   Dev-Build (E1C64328-A22C-4D53-A36C-8E866417BD8C): 0
LogDevObjectVersion:   Dev-Core (375EC13C-06E4-48FB-B500-84F0262A717E): 2
LogDevObjectVersion:   Dev-Editor (E4B068ED-F494-42E9-A231-DA0B2E46BB41): 23
LogDevObjectVersion:   Dev-Framework (CFFC743F-43B0-4480-9391-14DF171D2073): 33
LogDevObjectVersion:   Dev-Mobile (B02B49B5-BB20-44E9-A304-32B752E40360): 2
LogDevObjectVersion:   Dev-Networking (A4E4105C-59A1-49B5-A7C5-40C4547EDFEE): 0
LogDevObjectVersion:   Dev-Online (39C831C9-5AE6-47DC-9A44-9C173E1C8E7C): 0
LogDevObjectVersion:   Dev-Physics (78F01B33-EBEA-4F98-B9B4-84EACCB95AA2): 0
LogDevObjectVersion:   Dev-Platform (6631380F-2D4D-43E0-8009-CF276956A95A): 0
LogDevObjectVersion:   Dev-Rendering (12F88B9F-8875-4AFC-A67C-D90C383ABD29): 25
LogDevObjectVersion:   Dev-Sequencer (7B5AE74C-D270-4C10-A958-57980B212A5A): 6
LogDevObjectVersion:   Dev-VR (D7296918-1DD6-4BDD-9DE2-64A83CC13884): 1
LogDevObjectVersion:   Dev-LoadTimes (C2A15278-BFE7-4AFE-6C17-90FF531DF755): 1
LogDevObjectVersion:   Private-Geometry (6EACA3D4-40EC-4CC1-B786-8BED09428FC5): 2
LogDevObjectVersion:   Dev-AnimPhys (29E575DD-E0A3-4627-9D10-D276232CDCEA): 16
LogDevObjectVersion:   Dev-ReflectionCapture (6B266CEC-1EC7-4B8F-A30B-E4D90942FC07): 1
LogDevObjectVersion:   Dev-Automation (0DF73D61-A23F-47EA-B727-89E90C41499A): 1
LogInit: Compiled (64-bit): Mar 13 2018 23:12:32
LogInit: Compiled with Visual C++: 19.00.24215.01
LogInit: Build Configuration: Development
LogInit: Branch Name: ++UE4+Release-4.19
LogInit: Command Line: -EpicPortal 
LogInit: Base Directory: D:/Program Files/Epic Games/UE_4.19/Engine/Binaries/Win64/
LogInit: Installed Engine Build: 1
LogStreaming: Display: Took  0.000s to delete old logs.
LogInit: Presizing for max 8388607 objects, including 0 objects not considered by GC, pre-allocating 0 bytes for permanent pool.
LogInit: Object subsystem initialized
[2018.04.16-06.15.33:955][  0]LogInit: Selected Device Profile: [Windows]
[2018.04.16-06.15.33:955][  0]LogInit: Applying CVar settings loaded from the selected device profile: [Windows]
[2018.04.16-06.15.33:965][  0]LogInit: Computer: HZ
[2018.04.16-06.15.33:965][  0]LogInit: User: kinghost80
[2018.04.16-06.15.33:965][  0]LogInit: CPU Page size=4096, Cores=4
[2018.04.16-06.15.33:965][  0]LogInit: High frequency timer resolution =2.533210 MHz
[2018.04.16-06.15.33:966][  0]LogMemory: Memory total: Physical=7.9GB (8GB approx)
[2018.04.16-06.15.33:966][  0]LogMemory: Platform Memory Stats for Windows
[2018.04.16-06.15.33:966][  0]LogMemory: Process Physical Memory: 276.23 MB used, 276.23 MB peak
[2018.04.16-06.15.33:966][  0]LogMemory: Process Virtual Memory: 264.81 MB used, 264.81 MB peak
[2018.04.16-06.15.33:966][  0]LogMemory: Physical Memory: 7009.19 MB used,  1098.65 MB free, 8107.84 MB total
[2018.04.16-06.15.33:966][  0]LogMemory: Virtual Memory: 698.46 MB used,  1098.65 MB free, 134217728.00 MB total
[2018.04.16-06.15.33:985][  0]LogInit: Using OS detected language (zh-CN).
[2018.04.16-06.15.33:985][  0]LogInit: Using OS detected locale (zh-CN).
[2018.04.16-06.15.34:366][  0]LogStreaming: Display: Took  0.381s to EndInitTextLocalization.
[2018.04.16-06.15.34:366][  0]LogInit: Setting process to per monitor DPI aware
[2018.04.16-06.15.34:431][  0]LogSlate: New Slate User Created.  User Index 0, Is Virtual User: 0
[2018.04.16-06.15.34:431][  0]LogSlate: Slate User Registered.  User Index 0, Is Virtual User: 0
[2018.04.16-06.15.34:650][  0]LogD3D11RHI: D3D11 adapters:
[2018.04.16-06.15.34:696][  0]LogD3D11RHI:    0. 'NVIDIA GeForce GTX 960M' (Feature Level 11_0)
[2018.04.16-06.15.34:696][  0]LogD3D11RHI:       4055/0/4053 MB DedicatedVideo/DedicatedSystem/SharedSystem, Outputs:2, VendorId:0x10de
[2018.04.16-06.15.34:703][  0]LogD3D11RHI:    1. 'Intel(R) HD Graphics 4600' (Feature Level 11_0)
[2018.04.16-06.15.34:703][  0]LogD3D11RHI:       112/0/2048 MB DedicatedVideo/DedicatedSystem/SharedSystem, Outputs:0, VendorId:0x8086
[2018.04.16-06.15.34:706][  0]LogD3D11RHI:    2. 'Microsoft Basic Render Driver' (Feature Level 11_0)
[2018.04.16-06.15.34:706][  0]LogD3D11RHI:       0/0/4053 MB DedicatedVideo/DedicatedSystem/SharedSystem, Outputs:0, VendorId:0x1414
[2018.04.16-06.15.34:706][  0]LogD3D11RHI: Chosen D3D11 Adapter: 0
[2018.04.16-06.15.34:719][  0]LogD3D11RHI: Creating new Direct3DDevice
[2018.04.16-06.15.34:719][  0]LogD3D11RHI:     GPU DeviceId: 0x139b (for the marketing name, search the web for "GPU Device Id")
[2018.04.16-06.15.34:719][  0]LogWindows: EnumDisplayDevices:
[2018.04.16-06.15.34:719][  0]LogWindows:    0. 'Intel(R) HD Graphics 4600' (P:0 D:1)
[2018.04.16-06.15.34:719][  0]LogWindows:    1. 'Intel(R) HD Graphics 4600' (P:1 D:1)
[2018.04.16-06.15.34:719][  0]LogWindows:    2. 'Intel(R) HD Graphics 4600' (P:0 D:0)
[2018.04.16-06.15.34:719][  0]LogWindows: DebugString: GetVideoDriverDetailsInvalid PrimaryIsNotTheChoosenAdapter GetVideoDriverDetailsInvalid PrimaryIsNotTheChoosenAdapter GetVideoDriverDetailsInvalid PrimaryIsNotTheChoosenAdapter FoundDriverCount:0 
[2018.04.16-06.15.34:719][  0]LogD3D11RHI:     Adapter Name: NVIDIA GeForce GTX 960M
[2018.04.16-06.15.34:719][  0]LogD3D11RHI:   Driver Version: Unknown (internal:Unknown, unified:Unknown)
[2018.04.16-06.15.34:719][  0]LogD3D11RHI:      Driver Date: Unknown
[2018.04.16-06.15.34:719][  0]LogRHI: Texture pool is 2839 MB (70% of 4055 MB)
[2018.04.16-06.15.34:751][  0]LogD3D11RHI: [Aftermath] Aftermath enabled and primed
[2018.04.16-06.15.34:751][  0]LogD3D11RHI: Async texture creation enabled
[2018.04.16-06.15.34:776][  0]LogD3D11RHI: GPU Timing Frequency: 1000.000000 (Debug: 2 2)
[2018.04.16-06.15.34:781][  0]LogShaderCompilers: Guid format shader working directory is 18 characters bigger than the processId version (G:/ue4work/GitTest/UE4GitTest/UT/Intermediate/Shaders/WorkingDirectory/16412/).
[2018.04.16-06.15.34:781][  0]LogShaderCompilers: Cleaned the shader compiler working directory 'C:/Users/kinghost80/AppData/Local/Temp/UnrealShaderWorkingDir/6337DF614494950DFA4910918869AE57/'.
[2018.04.16-06.15.35:107][  0]LogTemp: Display: Loaded TP AllDesktopTargetPlatform
[2018.04.16-06.15.35:132][  0]LogTemp: Display: Loaded TP MacClientTargetPlatform
[2018.04.16-06.15.35:156][  0]LogTemp: Display: Loaded TP MacNoEditorTargetPlatform
[2018.04.16-06.15.35:175][  0]LogTemp: Display: Loaded TP MacServerTargetPlatform
[2018.04.16-06.15.35:191][  0]LogTemp: Display: Loaded TP MacTargetPlatform
[2018.04.16-06.15.35:206][  0]LogTemp: Display: Loaded TP WindowsClientTargetPlatform
[2018.04.16-06.15.35:221][  0]LogTemp: Display: Loaded TP WindowsNoEditorTargetPlatform
[2018.04.16-06.15.35:238][  0]LogTemp: Display: Loaded TP WindowsServerTargetPlatform
[2018.04.16-06.15.35:246][  0]LogTemp: Display: Loaded TP WindowsTargetPlatform
[2018.04.16-06.15.35:260][  0]LogTemp: Display: Loaded TP Android_ASTCTargetPlatform
[2018.04.16-06.15.35:273][  0]LogTemp: Display: Loaded TP Android_ATCTargetPlatform
[2018.04.16-06.15.35:286][  0]LogTemp: Display: Loaded TP Android_DXTTargetPlatform
[2018.04.16-06.15.35:297][  0]LogTemp: Display: Loaded TP Android_ETC1aTargetPlatform
[2018.04.16-06.15.35:310][  0]LogTemp: Display: Loaded TP Android_ETC1TargetPlatform
[2018.04.16-06.15.35:323][  0]LogTemp: Display: Loaded TP Android_ETC2TargetPlatform
[2018.04.16-06.15.35:352][  0]LogTemp: Display: Loaded TP Android_MultiTargetPlatform
[2018.04.16-06.15.35:352][  0]LogTemp: Display: Loaded TP Android_PVRTCTargetPlatform
[2018.04.16-06.15.35:370][  0]LogTemp: Display: Loaded TP AndroidTargetPlatform
[2018.04.16-06.15.35:371][  0]LogTemp: Display: Loaded TP HTML5TargetPlatform
[2018.04.16-06.15.35:411][  0]LogTemp: Display: Loaded TP IOSTargetPlatform
[2018.04.16-06.15.35:426][  0]LogTemp: Display: Loaded TP TVOSTargetPlatform
[2018.04.16-06.15.35:439][  0]LogTemp: Display: Loaded TP LinuxClientTargetPlatform
[2018.04.16-06.15.35:453][  0]LogTemp: Display: Loaded TP LinuxNoEditorTargetPlatform
[2018.04.16-06.15.35:468][  0]LogTemp: Display: Loaded TP LinuxServerTargetPlatform
[2018.04.16-06.15.35:483][  0]LogTemp: Display: Loaded TP LinuxTargetPlatform
[2018.04.16-06.15.35:483][  0]LogTargetPlatformManager: Display: Building Assets For Windows
[2018.04.16-06.15.35:572][  0]LogXGEController: Cannot use XGE Controller as Incredibuild is not installed on this machine.
[2018.04.16-06.15.35:572][  0]LogShaderCompilers: Cannot use XGE Shader Compiler as Incredibuild is not installed on this machine.
[2018.04.16-06.15.35:572][  0]LogShaderCompilers: Display: Using Local Shader Compiler.
[2018.04.16-06.15.36:323][  0]LogDerivedDataCache: Display: Max Cache Size: 512 MB
[2018.04.16-06.15.36:423][  0]LogDerivedDataCache: Loaded boot cache 0.10s 74MB C:/Users/kinghost80/AppData/Local/UnrealEngine/4.19/DerivedDataCache/Boot.ddc.
[2018.04.16-06.15.36:423][  0]LogDerivedDataCache: Display: Loaded Boot cache: C:/Users/kinghost80/AppData/Local/UnrealEngine/4.19/DerivedDataCache/Boot.ddc
[2018.04.16-06.15.36:423][  0]LogDerivedDataCache: FDerivedDataBackendGraph:  Pak pak cache file G:/ue4work/GitTest/UE4GitTest/UT/DerivedDataCache/DDC.ddp not found, will not use a pak cache.
[2018.04.16-06.15.36:423][  0]LogDerivedDataCache: Unable to find inner node Pak for hierarchical cache Hierarchy.
[2018.04.16-06.15.36:423][  0]LogDerivedDataCache: FDerivedDataBackendGraph:  CompressedPak pak cache file G:/ue4work/GitTest/UE4GitTest/UT/DerivedDataCache/Compressed.ddp not found, will not use a pak cache.
[2018.04.16-06.15.36:423][  0]LogDerivedDataCache: Unable to find inner node CompressedPak for hierarchical cache Hierarchy.
[2018.04.16-06.15.36:440][  0]LogDerivedDataCache: Display: Pak cache opened for reading ../../../Engine/DerivedDataCache/Compressed.ddp.
[2018.04.16-06.15.36:453][  0]LogDerivedDataCache: Using Local data cache path C:/Users/kinghost80/AppData/Local/UnrealEngine/Common/DerivedDataCache: Writable
[2018.04.16-06.15.36:467][  0]LogMaterial: Verifying Global Shaders for PCD3D_SM5
[2018.04.16-06.15.36:467][  0]LogSlate: Using Freetype 2.6.0
[2018.04.16-06.15.36:468][  0]LogSlate: SlateFontCache - WITH_FREETYPE: 1, WITH_HARFBUZZ: 1
[2018.04.16-06.15.36:468][  0]LogSlate: SlateFontCache - WITH_FREETYPE: 1, WITH_HARFBUZZ: 1
[2018.04.16-06.15.36:592][  0]LogAssetRegistry: FAssetRegistry took 0.0272 seconds to start up
[2018.04.16-06.15.36:921][  0]LogInit: Selected Device Profile: [Windows]
[2018.04.16-06.15.37:072][  0]LogSimplygon: Simplygon DLL not present - disabling.
[2018.04.16-06.15.37:074][  0]LogMeshReduction: Using SimplygonSwarm for distributed automatic mesh merging
[2018.04.16-06.15.37:074][  0]LogMeshReduction: Using QuadricMeshReduction for automatic static mesh reduction
[2018.04.16-06.15.37:074][  0]LogMeshReduction: No automatic skeletal mesh reduction module available
[2018.04.16-06.15.37:074][  0]LogMeshReduction: No automatic mesh merging module available
[2018.04.16-06.15.37:074][  0]LogMeshMerging: No automatic mesh merging module available
[2018.04.16-06.15.37:108][  0]LogNetVersion: UT , NetCL: 3944462, EngineNetVer: 2, GameNetVer: 0 (Checksum: 3730196692)
[2018.04.16-06.15.37:805][  0]LogPackageLocalizationCache: Processed 9 localized package path(s) for 4 prioritized culture(s) in 0.279382 seconds
[2018.04.16-06.15.37:817][  0]LogUObjectArray: 36728 objects as part of root set at end of initial load.
[2018.04.16-06.15.37:817][  0]LogUObjectAllocator: 7314312 out of 0 bytes used by permanent object pool.
[2018.04.16-06.15.37:817][  0]LogUObjectArray: CloseDisregardForGC: 0/0 objects in disregard for GC pool
[2018.04.16-06.15.39:655][  0]LogSubstanceCoreModule: Substance [CPU] Engine Loaded, Max Texture Size = 2048
[2018.04.16-06.15.39:686][  0]LogTcpMessaging: Initializing TcpMessaging bridge
[2018.04.16-06.15.39:713][  0]LogUdpMessaging: Initializing bridge on interface 0.0.0.0:0 to multicast group 230.0.0.1:6666.
[2018.04.16-06.15.40:040][  0]SourceControl: 源码控制已禁用
[2018.04.16-06.15.40:040][  0]SourceControl: 源码控制已禁用
[2018.04.16-06.15.40:056][  0]SourceControl: 源码控制已禁用
[2018.04.16-06.15.40:072][  0]SourceControl: 源码控制已禁用
[2018.04.16-06.15.40:586][  0]LogAndroidPermission: UAndroidPermissionCallbackProxy::GetInstance
[2018.04.16-06.15.40:708][  0]LogOcInput: OculusInput pre-init called
[2018.04.16-06.15.41:257][  0]LogEngine: Initializing Engine...
[2018.04.16-06.15.41:259][  0]LogHMD: Failed to initialize OpenVR with code 110
[2018.04.16-06.15.41:260][  0]LogStats: UGameplayTagsManager::ConstructGameplayTagTree: Construct from data asset -  0.000 s
[2018.04.16-06.15.41:260][  0]LogStats: UGameplayTagsManager::ConstructGameplayTagTree: GameplayTagTreeChangedEvent.Broadcast -  0.000 s
[2018.04.16-06.15.41:564][  0]LogAIModule: Creating AISystem for world Untitled
[2018.04.16-06.15.41:573][  0]LogInit: XAudio2 using 'DELL E2316H (英特尔(R) 显示器音频)' : 2 channels at 48 kHz using 16 bits per sample (channel mask 0x3)
[2018.04.16-06.15.41:592][  0]LogInit: FAudioDevice initialized.
[2018.04.16-06.15.41:705][  0]LogDerivedDataCache: Saved boot cache 0.11s 74MB C:/Users/kinghost80/AppData/Local/UnrealEngine/4.19/DerivedDataCache/Boot.ddc.
[2018.04.16-06.15.41:723][  0]LogInit: Texture streaming: Enabled
[2018.04.16-06.15.41:741][  0]LogEngineSessionManager: EngineSessionManager initialized
[2018.04.16-06.15.41:753][  0]LogInit: Transaction tracking system initialized
[2018.04.16-06.15.41:773][  0]BlueprintLog: New page: 编辑器加载
[2018.04.16-06.15.41:841][  0]LocalizationService: 本地化服务已被禁用
[2018.04.16-06.15.41:947][  0]LogConsoleResponse: Display: 
[2018.04.16-06.15.42:102][  0]LogCook: Display: Max memory allowance for cook 16384mb min free memory 0mb
[2018.04.16-06.15.42:102][  0]LogFileCache: Scanning file cache for directory 'G:/ue4work/GitTest/UE4GitTest/UT/Content/' took 0.01s
[2018.04.16-06.15.42:103][  0]LogCook: Display: Mobile HDR setting 1
[2018.04.16-06.15.42:103][  0]LogGameplayTags: Display: UGameplayTagsManager::DoneAddingNativeTags. DelegateIsBound: 0
[2018.04.16-06.15.42:103][  0]LogStats: UGameplayTagsManager::ConstructGameplayTagTree: Construct from data asset -  0.000 s
[2018.04.16-06.15.42:103][  0]LogStats: UGameplayTagsManager::ConstructGameplayTagTree: GameplayTagTreeChangedEvent.Broadcast -  0.000 s
[2018.04.16-06.15.42:450][  0]SourceControl: 源码控制已禁用
[2018.04.16-06.15.42:450][  0]Cmd: MAP LOAD FILE="../../../Engine/Content/Maps/Templates/Template_Default.umap" TEMPLATE=1 SHOWPROGRESS=1 FEATURELEVEL=3
[2018.04.16-06.15.42:450][  0]LightingResults: New page: 光照构建
[2018.04.16-06.15.42:453][  0]MapCheck: New page: 地图检测
[2018.04.16-06.15.42:453][  0]LightingResults: New page: 光照构建
[2018.04.16-06.15.42:649][  0]LogAIModule: Creating AISystem for world Untitled_1
[2018.04.16-06.15.42:655][  0]LogEditorServer: Finished looking for orphan Actors (0.000 secs)
[2018.04.16-06.15.42:670][  0]Cmd: MAP CHECKDEP NOCLEARLOG
[2018.04.16-06.15.42:712][  0]MapCheck: 地图检测完成：0个错误，0 个警告，用时41.717毫秒完成。
[2018.04.16-06.15.42:712][  0]LogFileHelpers: Loading map 'Template_Default' took 0.262
[2018.04.16-06.15.42:799][  0]LogWindowsTextInputMethodSystem: Display: IME system now activated using TSF (搜狗拼音输入法).
[2018.04.16-06.15.42:883][  0]LogCollectionManager: Loaded 0 collections in 0.000904 seconds
[2018.04.16-06.15.42:927][  0]LogFileCache: Scanning file cache for directory 'G:/ue4work/GitTest/UE4GitTest/UT/Saved/Collections/' took 0.01s
[2018.04.16-06.15.42:927][  0]LogFileCache: Scanning file cache for directory 'G:/ue4work/GitTest/UE4GitTest/UT/Content/Developers/kinghost80/Collections/' took 0.01s
[2018.04.16-06.15.42:927][  0]LogFileCache: Scanning file cache for directory 'G:/ue4work/GitTest/UE4GitTest/UT/Content/Collections/' took 0.01s
[2018.04.16-06.15.42:927][  0]LogCollectionManager: Rebuilt the GUID cache for 0 collections in 0.000000 seconds
[2018.04.16-06.15.42:939][  0]LogContentBrowser: Native class hierarchy populated in 0.0115 seconds. Added 2483 classes and 573 folders.
[2018.04.16-06.15.42:944][  0]LogContentBrowser: Native class hierarchy updated for 'WidgetCarousel' in 0.0002 seconds. Added 0 classes and 0 folders.
[2018.04.16-06.15.42:983][  0]LogContentBrowser: Native class hierarchy updated for 'AddContentDialog' in 0.0002 seconds. Added 0 classes and 0 folders.
[2018.04.16-06.15.42:988][  0]LogContentBrowser: Native class hierarchy updated for 'SceneOutliner' in 0.0003 seconds. Added 1 classes and 2 folders.
[2018.04.16-06.15.43:075][  0]LogDirectoryWatcher: Warning: Failed to begin reading directory changes for G:/ue4work/GitTest/UE4GitTest/UT/Plugins/. Error: 系统找不到指定的文件。 (0x00000002)
[2018.04.16-06.15.43:087][  0]LogSlate: Took 0.000531 seconds to synchronously load lazily loaded font '../../../Engine/Content/Slate/Fonts/Roboto-Regular.ttf' (155K)
[2018.04.16-06.15.43:098][  0]LogSlate: Took 0.010400 seconds to synchronously load lazily loaded font '../../../Engine/Content/Slate/Fonts/DroidSansFallback.ttf' (3848K)
[2018.04.16-06.15.43:099][  0]LogSlate: Took 0.000274 seconds to synchronously load lazily loaded font '../../../Engine/Content/Slate/Fonts/Roboto-Bold.ttf' (160K)
[2018.04.16-06.15.43:103][  0]LogSlate: Took 0.000156 seconds to synchronously load lazily loaded font '../../../Engine/Content/Editor/Slate/Fonts/FontAwesome.ttf' (139K)
[2018.04.16-06.15.43:236][  0]LogRenderer: Reallocating scene render targets to support 1408x512 Format 10 NumSamples 1 (Frame:1).
[2018.04.16-06.15.43:466][  0]LogContentBrowser: Native class hierarchy updated for 'HierarchicalLODOutliner' in 0.0002 seconds. Added 0 classes and 0 folders.
[2018.04.16-06.15.43:467][  0]LogLoad: (Engine Initialization) Total time: 11.69 seconds
[2018.04.16-06.15.43:467][  0]LogLoad: (Engine Initialization) Total Blueprint compile time: 0.00 seconds
[2018.04.16-06.15.43:544][  0]Cmd: ACTOR HIDE SELECTED
[2018.04.16-06.15.43:819][  0]LogContentStreaming: Texture pool size now 1000 MB
[2018.04.16-06.15.43:846][  1]LogSubstanceLiveLink: Warning: Unable to send data along socket, closing connection
[2018.04.16-06.15.43:861][  1]LogAssetRegistry: Asset discovery search completed in 7.2924 seconds
[2018.04.16-06.15.43:863][  1]LogCollectionManager: Rebuilt the object cache for 0 collections in 0.000000 seconds (found 0 objects)
[2018.04.16-06.15.43:863][  1]LogCollectionManager: Fixed up redirectors for 0 collections in 0.000058 seconds (updated 0 objects)
[2018.04.16-06.16.15:488][157]LogSlate: FSceneViewport::OnFocusLost() reason 0
[2018.04.16-06.16.15:624][165]LogSlate: Window 'Plugins' being destroyed
[2018.04.16-06.16.15:627][165]LogSlate: Window 'Plugins' being destroyed
[2018.04.16-06.16.15:627][165]LogDirectoryWatcher: A directory notification for '../../../Engine/Plugins/' was aborted.
[2018.04.16-06.16.16:408][206]LogSlate: FSceneViewport::OnFocusLost() reason 0
[2018.04.16-06.16.17:624][271]LogRenderer: Reallocating scene render targets to support 1408x532 Format 10 NumSamples 1 (Frame:170).
[2018.04.16-06.16.17:671][272]LogRenderer: Reallocating scene render targets to support 1408x580 Format 10 NumSamples 1 (Frame:172).
[2018.04.16-06.16.17:712][273]LogRenderer: Reallocating scene render targets to support 1408x584 Format 10 NumSamples 1 (Frame:174).
[2018.04.16-06.16.21:350][475]LogSlate: Window 'UT - 虚幻编辑器' being destroyed
[2018.04.16-06.16.21:352][475]LogWindowsTextInputMethodSystem: Display: IME system now activated using TSF (搜狗拼音输入法).
[2018.04.16-06.16.21:591][476]Cmd: QUIT_EDITOR
[2018.04.16-06.16.21:618][476]LogSlate: Slate User Destroyed.  User Index 0, Is Virtual User: 0
[2018.04.16-06.16.21:618][476]LogExit: Preparing to exit.
[2018.04.16-06.16.22:858][476]LogExit: Editor shut down
[2018.04.16-06.16.22:863][476]LogExit: Transaction tracking system shut down
[2018.04.16-06.16.23:018][476]LogDirectoryWatcher: A directory notification for '../../../Engine/Content/' was aborted.
[2018.04.16-06.16.23:018][476]LogDirectoryWatcher: A directory notification for 'G:/ue4work/GitTest/UE4GitTest/UT/Content/' was aborted.
[2018.04.16-06.16.23:018][476]LogDirectoryWatcher: A directory notification for '../../Plugins/2D/Paper2D/Content/' was aborted.
[2018.04.16-06.16.23:018][476]LogDirectoryWatcher: A directory notification for '../../Plugins/Enterprise/DatasmithContent/Content/' was aborted.
[2018.04.16-06.16.23:018][476]LogDirectoryWatcher: A directory notification for '../../Plugins/Media/MediaCompositing/Content/' was aborted.
[2018.04.16-06.16.23:018][476]LogDirectoryWatcher: A directory notification for '../../Plugins/Runtime/AppleARKit/Content/' was aborted.
[2018.04.16-06.16.23:018][476]LogDirectoryWatcher: A directory notification for '../../Plugins/Runtime/Oculus/OculusVR/Content/' was aborted.
[2018.04.16-06.16.23:018][476]LogDirectoryWatcher: A directory notification for '../../Plugins/Runtime/Steam/SteamVR/Content/' was aborted.
[2018.04.16-06.16.23:092][476]LogExit: Object subsystem successfully closed.
[2018.04.16-06.16.23:112][476]LogShaderCompilers: Display: Shaders left to compile 0
[2018.04.16-06.16.23:115][476]LogD3D11RHI: Shutdown
[2018.04.16-06.16.23:115][476]LogD3D11RHI: CleanupD3DDevice
[2018.04.16-06.16.23:117][476]LogD3D11RHI: ~FD3D11DynamicRHI
[2018.04.16-06.16.23:128][476]LogModuleManager: Shutting down and abandoning module HierarchicalLODOutliner (590)
[2018.04.16-06.16.23:128][476]LogModuleManager: Shutting down and abandoning module SceneOutliner (588)
[2018.04.16-06.16.23:128][476]LogModuleManager: Shutting down and abandoning module AddContentDialog (586)
[2018.04.16-06.16.23:128][476]LogDirectoryWatcher: A directory notification for 'D:/Program Files/Epic Games/UE_4.19/FeaturePacks/' was aborted.
[2018.04.16-06.16.23:129][476]LogModuleManager: Shutting down and abandoning module WidgetCarousel (585)
[2018.04.16-06.16.23:129][476]LogModuleManager: Shutting down and abandoning module EditorWidgets (582)
[2018.04.16-06.16.23:129][476]LogModuleManager: Shutting down and abandoning module CollectionManager (580)
[2018.04.16-06.16.23:129][476]LogDirectoryWatcher: A directory notification for 'G:/ue4work/GitTest/UE4GitTest/UT/Content/Collections/' was aborted.
[2018.04.16-06.16.23:129][476]LogDirectoryWatcher: A directory notification for 'G:/ue4work/GitTest/UE4GitTest/UT/Content/Developers/kinghost80/Collections/' was aborted.
[2018.04.16-06.16.23:129][476]LogDirectoryWatcher: A directory notification for 'G:/ue4work/GitTest/UE4GitTest/UT/Saved/Collections/' was aborted.
[2018.04.16-06.16.23:129][476]LogModuleManager: Shutting down and abandoning module HierarchicalLODUtilities (578)
[2018.04.16-06.16.23:129][476]LogModuleManager: Shutting down and abandoning module StatsViewer (576)
[2018.04.16-06.16.23:129][476]LogModuleManager: Shutting down and abandoning module FoliageEdit (574)
[2018.04.16-06.16.23:130][476]LogModuleManager: Shutting down and abandoning module LandscapeEditor (572)
[2018.04.16-06.16.23:130][476]LogModuleManager: Shutting down and abandoning module MeshPaintMode (570)
[2018.04.16-06.16.23:130][476]LogModuleManager: Shutting down and abandoning module SceneDepthPickerMode (568)
[2018.04.16-06.16.23:130][476]LogModuleManager: Shutting down and abandoning module ActorPickerMode (566)
[2018.04.16-06.16.23:130][476]LogModuleManager: Shutting down and abandoning module GeometryMode (564)
[2018.04.16-06.16.23:130][476]LogModuleManager: Shutting down and abandoning module TextureAlignMode (562)
[2018.04.16-06.16.23:130][476]LogModuleManager: Shutting down and abandoning module BspMode (560)
[2018.04.16-06.16.23:130][476]LogModuleManager: Shutting down and abandoning module PIEPreviewDeviceProfileSelector (558)
[2018.04.16-06.16.23:130][476]LogModuleManager: Shutting down and abandoning module HardwareSurvey (556)
[2018.04.16-06.16.23:130][476]LogModuleManager: Shutting down and abandoning module SequenceRecorderSections (554)
[2018.04.16-06.16.23:130][476]LogModuleManager: Shutting down and abandoning module AutomationWorker (552)
[2018.04.16-06.16.23:130][476]LogModuleManager: Shutting down and abandoning module AudioCaptureEditor (550)
[2018.04.16-06.16.23:130][476]LogModuleManager: Shutting down and abandoning module SequenceRecorder (549)
[2018.04.16-06.16.23:130][476]LogModuleManager: Shutting down and abandoning module MatineeToLevelSequence (546)
[2018.04.16-06.16.23:130][476]LogModuleManager: Shutting down and abandoning module LevelSequenceEditor (544)
[2018.04.16-06.16.23:130][476]LogModuleManager: Shutting down and abandoning module PlacementMode (543)
[2018.04.16-06.16.23:130][476]LogModuleManager: Shutting down and abandoning module MaterialEditor (542)
[2018.04.16-06.16.23:130][476]LogModuleManager: Shutting down and abandoning module WmfMediaFactory (538)
[2018.04.16-06.16.23:130][476]LogModuleManager: Shutting down and abandoning module WmfMediaEditor (536)
[2018.04.16-06.16.23:130][476]LogModuleManager: Shutting down and abandoning module MediaPlayerEditor (534)
[2018.04.16-06.16.23:130][476]LogModuleManager: Shutting down and abandoning module OpenExrWrapper (532)
[2018.04.16-06.16.23:130][476]LogModuleManager: Shutting down and abandoning module ImgMediaFactory (530)
[2018.04.16-06.16.23:130][476]LogModuleManager: Shutting down and abandoning module ImgMediaEditor (528)
[2018.04.16-06.16.23:130][476]LogModuleManager: Shutting down and abandoning module AvfMediaFactory (526)
[2018.04.16-06.16.23:130][476]LogModuleManager: Shutting down and abandoning module AvfMediaEditor (524)
[2018.04.16-06.16.23:130][476]LogModuleManager: Shutting down and abandoning module AndroidMediaFactory (522)
[2018.04.16-06.16.23:130][476]LogModuleManager: Shutting down and abandoning module AndroidMediaEditor (520)
[2018.04.16-06.16.23:130][476]LogModuleManager: Shutting down and abandoning module CharacterAI (518)
[2018.04.16-06.16.23:130][476]LogModuleManager: Shutting down and abandoning module SmartSnapping (516)
[2018.04.16-06.16.23:130][476]LogModuleManager: Shutting down and abandoning module SessionServices (514)
[2018.04.16-06.16.23:130][476]LogModuleManager: Shutting down and abandoning module ViewportSnapping (512)
[2018.04.16-06.16.23:130][476]LogModuleManager: Shutting down and abandoning module ViewportInteraction (510)
[2018.04.16-06.16.23:130][476]LogModuleManager: Shutting down and abandoning module ClothPainter (508)
[2018.04.16-06.16.23:130][476]LogModuleManager: Shutting down and abandoning module SkeletalMeshEditor (507)
[2018.04.16-06.16.23:130][476]LogModuleManager: Shutting down and abandoning module LogVisualizer (504)
[2018.04.16-06.16.23:130][476]LogModuleManager: Shutting down and abandoning module IntroTutorials (502)
[2018.04.16-06.16.23:131][476]LogModuleManager: Shutting down and abandoning module GameProjectGeneration (501)
[2018.04.16-06.16.23:131][476]LogModuleManager: Shutting down and abandoning module IOSPlatformEditor (498)
[2018.04.16-06.16.23:131][476]LogModuleManager: Shutting down and abandoning module HTML5PlatformEditor (496)
[2018.04.16-06.16.23:131][476]LogModuleManager: Shutting down and abandoning module AndroidPlatformEditor (494)
[2018.04.16-06.16.23:131][476]LogModuleManager: Shutting down and abandoning module AndroidDeviceDetection (493)
[2018.04.16-06.16.23:902][476]LogModuleManager: Shutting down and abandoning module WindowsPlatformEditor (490)
[2018.04.16-06.16.23:902][476]LogModuleManager: Shutting down and abandoning module IOSRuntimeSettings (488)
[2018.04.16-06.16.23:902][476]LogModuleManager: Shutting down and abandoning module AndroidRuntimeSettings (486)
[2018.04.16-06.16.23:902][476]LogModuleManager: Shutting down and abandoning module InputBindingEditor (484)
[2018.04.16-06.16.23:902][476]LogModuleManager: Shutting down and abandoning module MergeActors (482)
[2018.04.16-06.16.23:902][476]LogModuleManager: Shutting down and abandoning module LocalizationDashboard (480)
[2018.04.16-06.16.23:902][476]LogModuleManager: Shutting down and abandoning module LocalizationService (479)
[2018.04.16-06.16.23:903][476]LogModuleManager: Shutting down and abandoning module HardwareTargeting (476)
[2018.04.16-06.16.23:903][476]LogModuleManager: Shutting down and abandoning module DeviceProfileEditor (474)
[2018.04.16-06.16.23:903][476]LogModuleManager: Shutting down and abandoning module UndoHistory (472)
[2018.04.16-06.16.23:903][476]LogModuleManager: Shutting down and abandoning module XmlParser (470)
[2018.04.16-06.16.23:903][476]LogModuleManager: Shutting down and abandoning module Blutility (468)
[2018.04.16-06.16.23:903][476]LogModuleManager: Shutting down and abandoning module ProjectSettingsViewer (466)
[2018.04.16-06.16.23:903][476]LogModuleManager: Shutting down and abandoning module ProjectTargetPlatformEditor (465)
[2018.04.16-06.16.23:903][476]LogModuleManager: Shutting down and abandoning module EditorSettingsViewer (462)
[2018.04.16-06.16.23:903][476]LogModuleManager: Shutting down and abandoning module SettingsEditor (460)
[2018.04.16-06.16.23:903][476]LogModuleManager: Shutting down and abandoning module ProjectLauncher (458)
[2018.04.16-06.16.23:903][476]LogModuleManager: Shutting down and abandoning module SessionFrontend (456)
[2018.04.16-06.16.23:903][476]LogModuleManager: Shutting down and abandoning module ProfilerClient (454)
[2018.04.16-06.16.23:903][476]LogModuleManager: Shutting down and abandoning module DeviceManager (452)
[2018.04.16-06.16.23:903][476]LogModuleManager: Shutting down and abandoning module TargetDeviceServices (451)
[2018.04.16-06.16.23:959][476]LogModuleManager: Shutting down and abandoning module AutomationController (448)
[2018.04.16-06.16.23:959][476]LogModuleManager: Shutting down and abandoning module AutomationWindow (446)
[2018.04.16-06.16.23:959][476]LogModuleManager: Shutting down and abandoning module Layers (444)
[2018.04.16-06.16.23:959][476]LogModuleManager: Shutting down and abandoning module ComponentVisualizers (442)
[2018.04.16-06.16.23:959][476]LogModuleManager: Shutting down and abandoning module DetailCustomizations (440)
[2018.04.16-06.16.23:959][476]LogModuleManager: Shutting down and abandoning module PackagesDialog (438)
[2018.04.16-06.16.23:959][476]LogModuleManager: Shutting down and abandoning module Persona (436)
[2018.04.16-06.16.23:959][476]LogModuleManager: Shutting down and abandoning module AdvancedPreviewScene (435)
[2018.04.16-06.16.23:959][476]LogModuleManager: Shutting down and abandoning module AnimGraph (433)
[2018.04.16-06.16.23:959][476]LogModuleManager: Shutting down and abandoning module Kismet (430)
[2018.04.16-06.16.23:959][476]LogModuleManager: Shutting down and abandoning module GraphEditor (428)
[2018.04.16-06.16.23:959][476]LogModuleManager: Shutting down and abandoning module ClassViewer (426)
[2018.04.16-06.16.23:959][476]LogModuleManager: Shutting down and abandoning module Toolbox (424)
[2018.04.16-06.16.23:959][476]LogModuleManager: Shutting down and abandoning module ModuleUI (422)
[2018.04.16-06.16.23:959][476]LogModuleManager: Shutting down and abandoning module MovieSceneTools (420)
[2018.04.16-06.16.23:959][476]LogModuleManager: Shutting down and abandoning module OutputLog (418)
[2018.04.16-06.16.23:959][476]LogModuleManager: Shutting down and abandoning module GammaUI (416)
[2018.04.16-06.16.23:959][476]LogModuleManager: Shutting down and abandoning module Documentation (414)
[2018.04.16-06.16.23:959][476]LogModuleManager: Shutting down and abandoning module MovieSceneTracks (412)
[2018.04.16-06.16.23:959][476]LogModuleManager: Shutting down and abandoning module MovieScene (410)
[2018.04.16-06.16.23:960][476]LogModuleManager: Shutting down and abandoning module StreamingPauseRendering (408)
[2018.04.16-06.16.23:960][476]LogModuleManager: Shutting down and abandoning module LauncherPlatform (406)
[2018.04.16-06.16.23:960][476]LogModuleManager: Shutting down and abandoning module AnalyticsET (404)
[2018.04.16-06.16.23:960][476]LogModuleManager: Shutting down and abandoning module PortalServices (402)
[2018.04.16-06.16.23:960][476]LogModuleManager: Shutting down and abandoning module PortalRpc (400)
[2018.04.16-06.16.23:960][476]LogModuleManager: Shutting down and abandoning module MessagingRpc (398)
[2018.04.16-06.16.23:960][476]LogModuleManager: Shutting down and abandoning module AIModule (396)
[2018.04.16-06.16.23:960][476]LogModuleManager: Shutting down and abandoning module GameplayDebugger (395)
[2018.04.16-06.16.23:960][476]LogModuleManager: Shutting down and abandoning module AITestSuite (393)
[2018.04.16-06.16.23:960][476]LogModuleManager: Shutting down and abandoning module DesktopPlatform (390)
[2018.04.16-06.16.23:960][476]LogModuleManager: Shutting down and abandoning module ProfilerService (388)
[2018.04.16-06.16.24:018][476]LogModuleManager: Shutting down and abandoning module TaskGraph (386)
[2018.04.16-06.16.24:018][476]LogModuleManager: Shutting down and abandoning module SubstanceLiveLink (384)
[2018.04.16-06.16.24:018][476]LogModuleManager: Shutting down and abandoning module SubstanceSource (382)
[2018.04.16-06.16.24:019][476]LogModuleManager: Shutting down and abandoning module SubstanceEditor (380)
[2018.04.16-06.16.24:019][476]LogModuleManager: Shutting down and abandoning module SteamVRController (378)
[2018.04.16-06.16.24:019][476]LogModuleManager: Shutting down and abandoning module ProceduralMeshComponentEditor (376)
[2018.04.16-06.16.24:019][476]LogModuleManager: Shutting down and abandoning module ProceduralMeshComponent (374)
[2018.04.16-06.16.24:019][476]LogModuleManager: Shutting down and abandoning module OculusInput (372)
[2018.04.16-06.16.24:019][476]LogModuleManager: Shutting down and abandoning module MobilePatchingUtils (370)
[2018.04.16-06.16.24:019][476]LogModuleManager: Shutting down and abandoning module CustomMeshComponent (368)
[2018.04.16-06.16.24:019][476]LogModuleManager: Shutting down and abandoning module CableComponent (366)
[2018.04.16-06.16.24:019][476]LogModuleManager: Shutting down and abandoning module AudioCapture (364)
[2018.04.16-06.16.24:019][476]LogModuleManager: Shutting down and abandoning module ArchVisCharacter (362)
[2018.04.16-06.16.24:019][476]LogModuleManager: Shutting down and abandoning module AndroidPermission (360)
[2018.04.16-06.16.24:019][476]LogModuleManager: Shutting down and abandoning module NUTUnrealEngine4 (356)
[2018.04.16-06.16.24:019][476]LogModuleManager: Shutting down and abandoning module NetcodeUnitTest (354)
[2018.04.16-06.16.24:019][476]LogModuleManager: Shutting down and abandoning module MediaCompositingEditor (352)
[2018.04.16-06.16.24:019][476]LogModuleManager: Shutting down and abandoning module MediaCompositing (350)
[2018.04.16-06.16.24:019][476]LogModuleManager: Shutting down and abandoning module LinearTimecode (348)
[2018.04.16-06.16.24:019][476]LogModuleManager: Shutting down and abandoning module ImgMedia (346)
[2018.04.16-06.16.24:022][476]LogModuleManager: Shutting down and abandoning module EasyActionPlugin (344)
[2018.04.16-06.16.24:022][476]LogModuleManager: Shutting down and abandoning module HTML5Networking (342)
[2018.04.16-06.16.24:022][476]LogModuleManager: Shutting down and abandoning module AlembicImporter (340)
[2018.04.16-06.16.24:022][476]LogModuleManager: Shutting down and abandoning module AlembicLibrary (339)
[2018.04.16-06.16.24:022][476]LogModuleManager: Shutting down and abandoning module GeometryCache (338)
[2018.04.16-06.16.24:022][476]LogModuleManager: Shutting down and abandoning module GeometryCacheEd (337)
[2018.04.16-06.16.24:022][476]LogModuleManager: Shutting down and abandoning module DatasmithContent (332)
[2018.04.16-06.16.24:022][476]LogModuleManager: Shutting down and abandoning module SpeedTreeImporter (330)
[2018.04.16-06.16.24:022][476]LogModuleManager: Shutting down and abandoning module PluginBrowser (328)
[2018.04.16-06.16.24:022][476]LogModuleManager: Shutting down and abandoning module MobileLauncherProfileWizard (326)
[2018.04.16-06.16.24:022][476]LogModuleManager: Shutting down and abandoning module CryptoKeysOpenSSL (324)
[2018.04.16-06.16.24:022][476]LogModuleManager: Shutting down and abandoning module CryptoKeys (322)
[2018.04.16-06.16.24:022][476]LogModuleManager: Shutting down and abandoning module VisualStudioSourceCodeAccess (320)
[2018.04.16-06.16.24:022][476]LogModuleManager: Shutting down and abandoning module VisualStudioCodeSourceCodeAccess (318)
[2018.04.16-06.16.24:022][476]LogModuleManager: Shutting down and abandoning module UObjectPlugin (316)
[2018.04.16-06.16.24:022][476]LogModuleManager: Shutting down and abandoning module SubversionSourceControl (314)
[2018.04.16-06.16.24:022][476]LogModuleManager: Shutting down and abandoning module PerforceSourceControl (312)
[2018.04.16-06.16.24:022][476]LogModuleManager: Shutting down and abandoning module GitSourceControl (310)
[2018.04.16-06.16.24:022][476]LogModuleManager: Shutting down and abandoning module SourceControl (309)
[2018.04.16-06.16.24:022][476]LogModuleManager: Shutting down and abandoning module CLionSourceCodeAccess (306)
[2018.04.16-06.16.24:022][476]LogModuleManager: Shutting down and abandoning module LightPropagationVolumeEditor (304)
[2018.04.16-06.16.24:022][476]LogModuleManager: Shutting down and abandoning module PaperTiledImporter (302)
[2018.04.16-06.16.24:022][476]LogModuleManager: Shutting down and abandoning module PaperSpriteSheetImporter (300)
[2018.04.16-06.16.24:022][476]LogModuleManager: Shutting down and abandoning module Paper2DEditor (298)
[2018.04.16-06.16.24:022][476]LogModuleManager: Shutting down and abandoning module MeshPaint (297)
[2018.04.16-06.16.24:022][476]LogModuleManager: Shutting down and abandoning module RuntimePhysXCooking (294)
[2018.04.16-06.16.24:022][476]LogModuleManager: Shutting down and abandoning module PhysXVehiclesEditor (292)
[2018.04.16-06.16.24:022][476]LogModuleManager: Shutting down and abandoning module PhysXVehicles (290)
[2018.04.16-06.16.24:022][476]LogModuleManager: Shutting down and abandoning module OculusEditor (288)
[2018.04.16-06.16.24:022][476]LogModuleManager: Shutting down and abandoning module LocationServicesBPLibrary (286)
[2018.04.16-06.16.24:023][476]LogModuleManager: Shutting down and abandoning module ImmediatePhysicsEditor (284)
[2018.04.16-06.16.24:023][476]LogModuleManager: Shutting down and abandoning module ImmediatePhysics (282)
[2018.04.16-06.16.24:023][476]LogModuleManager: Shutting down and abandoning module ActorSequence (280)
[2018.04.16-06.16.24:023][476]LogModuleManager: Shutting down and abandoning module UdpMessaging (278)
[2018.04.16-06.16.24:123][476]LogModuleManager: Shutting down and abandoning module TcpMessaging (276)
[2018.04.16-06.16.24:224][476]LogModuleManager: Shutting down and abandoning module SubstanceCore (274)
[2018.04.16-06.16.24:224][476]LogModuleManager: Shutting down and abandoning module GameplayTagsEditor (272)
[2018.04.16-06.16.24:224][476]LogModuleManager: Shutting down and abandoning module FacialAnimationEditor (270)
[2018.04.16-06.16.24:224][476]LogModuleManager: Shutting down and abandoning module FacialAnimation (268)
[2018.04.16-06.16.24:224][476]LogModuleManager: Shutting down and abandoning module DataValidation (266)
[2018.04.16-06.16.24:224][476]LogModuleManager: Shutting down and abandoning module AssetManagerEditor (264)
[2018.04.16-06.16.24:224][476]LogModuleManager: Shutting down and abandoning module LevelEditor (263)
[2018.04.16-06.16.24:225][476]LogModuleManager: Shutting down and abandoning module PixelInspectorModule (262)
[2018.04.16-06.16.24:225][476]LogModuleManager: Shutting down and abandoning module CommonMenuExtensions (260)
[2018.04.16-06.16.24:225][476]LogModuleManager: Shutting down and abandoning module MainFrame (258)
[2018.04.16-06.16.24:225][476]LogModuleManager: Shutting down and abandoning module HotReload (257)
[2018.04.16-06.16.24:226][476]LogModuleManager: Shutting down and abandoning module ContentBrowser (253)
[2018.04.16-06.16.24:227][476]LogModuleManager: Shutting down and abandoning module TreeMap (251)
[2018.04.16-06.16.24:227][476]LogModuleManager: Shutting down and abandoning module LightPropagationVolumeRuntime (248)
[2018.04.16-06.16.24:227][476]LogModuleManager: Shutting down and abandoning module LiveLinkEditor (246)
[2018.04.16-06.16.24:227][476]LogModuleManager: Shutting down and abandoning module LiveLink (244)
[2018.04.16-06.16.24:318][476]LogModuleManager: Shutting down and abandoning module Paper2D (242)
[2018.04.16-06.16.24:318][476]LogModuleManager: Shutting down and abandoning module WindowsMoviePlayer (240)
[2018.04.16-06.16.24:318][476]LogModuleManager: Shutting down and abandoning module WmfMedia (238)
[2018.04.16-06.16.24:322][476]LogModuleManager: Shutting down and abandoning module WebCommunication (236)
[2018.04.16-06.16.24:322][476]LogModuleManager: Shutting down and abandoning module JSONParser (234)
[2018.04.16-06.16.24:322][476]LogModuleManager: Shutting down and abandoning module PacketHandler (232)
[2018.04.16-06.16.24:322][476]LogModuleManager: Shutting down and abandoning module ClothingSystemEditor (230)
[2018.04.16-06.16.24:322][476]LogModuleManager: Shutting down and abandoning module ClothingSystemRuntime (228)
[2018.04.16-06.16.24:322][476]LogModuleManager: Shutting down and abandoning module MediaAssets (226)
[2018.04.16-06.16.24:322][476]LogModuleManager: Shutting down and abandoning module Media (225)
[2018.04.16-06.16.24:332][476]LogModuleManager: Shutting down and abandoning module Overlay (222)
[2018.04.16-06.16.24:332][476]LogModuleManager: Shutting down and abandoning module OverlayEditor (221)
[2018.04.16-06.16.24:332][476]LogModuleManager: Shutting down and abandoning module VREditor (218)
[2018.04.16-06.16.24:332][476]LogModuleManager: Shutting down and abandoning module StringTableEditor (216)
[2018.04.16-06.16.24:333][476]LogModuleManager: Shutting down and abandoning module GameplayTasksEditor (214)
[2018.04.16-06.16.24:333][476]LogModuleManager: Shutting down and abandoning module BehaviorTreeEditor (212)
[2018.04.16-06.16.24:333][476]LogModuleManager: Shutting down and abandoning module FunctionalTesting (210)
[2018.04.16-06.16.24:333][476]LogModuleManager: Shutting down and abandoning module CollisionAnalyzer (208)
[2018.04.16-06.16.24:333][476]LogModuleManager: Shutting down and abandoning module WorkspaceMenuStructure (207)
[2018.04.16-06.16.24:333][476]LogModuleManager: Shutting down and abandoning module UMG (204)
[2018.04.16-06.16.24:333][476]LogModuleManager: Shutting down and abandoning module UMGEditor (203)
[2018.04.16-06.16.24:333][476]LogModuleManager: Shutting down and abandoning module Sequencer (202)
[2018.04.16-06.16.24:333][476]LogModuleManager: Shutting down and abandoning module MessageLog (199)
[2018.04.16-06.16.24:334][476]LogModuleManager: Shutting down and abandoning module SlateReflector (194)
[2018.04.16-06.16.24:334][476]LogModuleManager: Shutting down and abandoning module Slate (192)
[2018.04.16-06.16.24:334][476]LogModuleManager: Shutting down and abandoning module EditorStyle (190)
[2018.04.16-06.16.24:338][476]LogModuleManager: Shutting down and abandoning module MRMesh (188)
[2018.04.16-06.16.24:338][476]LogModuleManager: Shutting down and abandoning module SourceCodeAccess (186)
[2018.04.16-06.16.24:338][476]LogModuleManager: Shutting down and abandoning module HeadMountedDisplay (184)
[2018.04.16-06.16.24:338][476]LogModuleManager: Shutting down and abandoning module XAudio2 (182)
[2018.04.16-06.16.24:338][476]LogModuleManager: Shutting down and abandoning module Networking (180)
[2018.04.16-06.16.24:338][476]LogModuleManager: Shutting down and abandoning module Core (178)
[2018.04.16-06.16.24:338][476]LogModuleManager: Shutting down and abandoning module LevelSequence (176)
[2018.04.16-06.16.24:339][476]LogModuleManager: Shutting down and abandoning module KismetCompiler (174)
[2018.04.16-06.16.24:339][476]LogModuleManager: Shutting down and abandoning module MeshUtilities (172)
[2018.04.16-06.16.24:339][476]LogModuleManager: Shutting down and abandoning module MeshMergeUtilities (171)
[2018.04.16-06.16.24:339][476]LogModuleManager: Shutting down and abandoning module MeshReductionInterface (170)
[2018.04.16-06.16.24:339][476]LogModuleManager: Shutting down and abandoning module SimplygonSwarm (169)
[2018.04.16-06.16.24:339][476]LogModuleManager: Shutting down and abandoning module SimplygonMeshReduction (167)
[2018.04.16-06.16.24:339][476]LogModuleManager: Shutting down and abandoning module QuadricMeshReduction (165)
[2018.04.16-06.16.24:339][476]LogModuleManager: Shutting down and abandoning module MaterialBaking (161)
[2018.04.16-06.16.24:339][476]LogModuleManager: Shutting down and abandoning module DirectoryWatcher (157)
[2018.04.16-06.16.24:343][476]LogModuleManager: Shutting down and abandoning module DerivedDataCache (154)
[2018.04.16-06.16.24:513][476]LogDerivedDataCache: Shutdown
[2018.04.16-06.16.24:513][476]LogModuleManager: Shutting down and abandoning module XGEController (152)
[2018.04.16-06.16.24:514][476]LogModuleManager: Shutting down and abandoning module TargetPlatform (150)
[2018.04.16-06.16.24:514][476]LogModuleManager: Shutting down and abandoning module VulkanShaderFormat (149)
[2018.04.16-06.16.24:514][476]LogModuleManager: Shutting down and abandoning module ShaderFormatVectorVM (147)
[2018.04.16-06.16.24:514][476]LogModuleManager: Shutting down and abandoning module ShaderFormatOpenGL (145)
[2018.04.16-06.16.24:514][476]LogModuleManager: Shutting down and abandoning module ShaderFormatD3D (143)
[2018.04.16-06.16.24:514][476]LogModuleManager: Shutting down and abandoning module MetalShaderFormat (141)
[2018.04.16-06.16.24:514][476]LogModuleManager: Shutting down and abandoning module TextureFormatUncompressed (139)
[2018.04.16-06.16.24:514][476]LogModuleManager: Shutting down and abandoning module TextureFormatPVR (137)
[2018.04.16-06.16.24:514][476]LogModuleManager: Shutting down and abandoning module TextureFormatDXT (135)
[2018.04.16-06.16.24:514][476]LogModuleManager: Shutting down and abandoning module TextureFormatIntelISPCTexComp (133)
[2018.04.16-06.16.24:514][476]LogModuleManager: Shutting down and abandoning module TextureFormatASTC (131)
[2018.04.16-06.16.24:514][476]LogModuleManager: Shutting down and abandoning module ImageWrapper (130)
[2018.04.16-06.16.24:514][476]LogModuleManager: Shutting down and abandoning module TextureFormatAndroid (127)
[2018.04.16-06.16.24:514][476]LogModuleManager: Shutting down and abandoning module AudioFormatOpus (125)
[2018.04.16-06.16.24:514][476]LogModuleManager: Shutting down and abandoning module AudioFormatOgg (123)
[2018.04.16-06.16.24:514][476]LogModuleManager: Shutting down and abandoning module AudioFormatADPCM (121)
[2018.04.16-06.16.24:514][476]LogModuleManager: Shutting down and abandoning module LinuxTargetPlatform (119)
[2018.04.16-06.16.24:515][476]LogModuleManager: Shutting down and abandoning module LinuxServerTargetPlatform (117)
[2018.04.16-06.16.24:515][476]LogModuleManager: Shutting down and abandoning module LinuxNoEditorTargetPlatform (115)
[2018.04.16-06.16.24:515][476]LogModuleManager: Shutting down and abandoning module LinuxClientTargetPlatform (113)
[2018.04.16-06.16.24:515][476]LogModuleManager: Shutting down and abandoning module TVOSTargetPlatform (111)
[2018.04.16-06.16.24:515][476]LogModuleManager: Shutting down and abandoning module Messaging (109)
[2018.04.16-06.16.24:515][476]LogModuleManager: Shutting down and abandoning module IOSTargetPlatform (107)
[2018.04.16-06.16.24:515][476]LogModuleManager: Shutting down and abandoning module HTML5TargetPlatform (105)
[2018.04.16-06.16.24:515][476]LogModuleManager: Shutting down and abandoning module AndroidTargetPlatform (103)
[2018.04.16-06.16.24:515][476]LogModuleManager: Shutting down and abandoning module Android_PVRTCTargetPlatform (101)
[2018.04.16-06.16.24:515][476]LogModuleManager: Shutting down and abandoning module Android_MultiTargetPlatform (99)
[2018.04.16-06.16.24:515][476]LogModuleManager: Shutting down and abandoning module Android_ETC2TargetPlatform (97)
[2018.04.16-06.16.24:515][476]LogModuleManager: Shutting down and abandoning module Android_ETC1TargetPlatform (95)
[2018.04.16-06.16.24:515][476]LogModuleManager: Shutting down and abandoning module Android_ETC1aTargetPlatform (93)
[2018.04.16-06.16.24:515][476]LogModuleManager: Shutting down and abandoning module Android_DXTTargetPlatform (91)
[2018.04.16-06.16.24:515][476]LogModuleManager: Shutting down and abandoning module Android_ATCTargetPlatform (89)
[2018.04.16-06.16.24:515][476]LogModuleManager: Shutting down and abandoning module Android_ASTCTargetPlatform (87)
[2018.04.16-06.16.24:515][476]LogModuleManager: Shutting down and abandoning module WindowsTargetPlatform (85)
[2018.04.16-06.16.24:515][476]LogModuleManager: Shutting down and abandoning module WindowsServerTargetPlatform (83)
[2018.04.16-06.16.24:515][476]LogModuleManager: Shutting down and abandoning module WindowsNoEditorTargetPlatform (81)
[2018.04.16-06.16.24:515][476]LogModuleManager: Shutting down and abandoning module WindowsClientTargetPlatform (79)
[2018.04.16-06.16.24:515][476]LogModuleManager: Shutting down and abandoning module MacTargetPlatform (77)
[2018.04.16-06.16.24:515][476]LogModuleManager: Shutting down and abandoning module MacServerTargetPlatform (75)
[2018.04.16-06.16.24:515][476]LogModuleManager: Shutting down and abandoning module MacNoEditorTargetPlatform (73)
[2018.04.16-06.16.24:515][476]LogModuleManager: Shutting down and abandoning module MacClientTargetPlatform (71)
[2018.04.16-06.16.24:515][476]LogModuleManager: Shutting down and abandoning module AllDesktopTargetPlatform (69)
[2018.04.16-06.16.24:515][476]LogModuleManager: Shutting down and abandoning module InputCore (66)
[2018.04.16-06.16.24:515][476]LogModuleManager: Shutting down and abandoning module Settings (64)
[2018.04.16-06.16.24:515][476]LogModuleManager: Shutting down and abandoning module PhysXCooking (62)
[2018.04.16-06.16.24:515][476]LogModuleManager: Shutting down and abandoning module SteamVR (60)
[2018.04.16-06.16.24:515][476]LogModuleManager: Shutting down and abandoning module OculusHMD (58)
[2018.04.16-06.16.24:515][476]LogModuleManager: Shutting down and abandoning module ExampleDeviceProfileSelector (56)
[2018.04.16-06.16.24:515][476]LogModuleManager: Shutting down and abandoning module AppleARKit (54)
[2018.04.16-06.16.24:515][476]LogModuleManager: Shutting down and abandoning module AugmentedReality (51)
[2018.04.16-06.16.24:515][476]LogModuleManager: Shutting down and abandoning module OnlineBlueprintSupport (48)
[2018.04.16-06.16.24:515][476]LogModuleManager: Shutting down and abandoning module OnlineSubsystem (44)
[2018.04.16-06.16.24:516][476]LogModuleManager: Shutting down and abandoning module XMPP (43)
[2018.04.16-06.16.24:516][476]LogModuleManager: Shutting down and abandoning module HTTP (41)
[2018.04.16-06.16.24:516][476]LogHttp: Display: Http module shutting down, but needs to wait on 1 outstanding Http requests:
[2018.04.16-06.16.24:516][476]LogHttp: Display: 	verb=[POST] url=[https://datarouter.ol.epicgames.com/datarouter/api/v1/public/data?SessionID=%7B98A7691B-4E38-8C13-8E67-CA91A4690914%7D&AppID=UEEditor.Rocket.Release&AppVersion=4.19.0-3944462%2B%2B%2BUE4%2BRelease-4.19&UserID=99f83f7646c75fe8a27868b69a387b5a%7C407781ab0ebd4f10b19d2fd250168898%7C4f1a3b78-7fc2-4c07-9f44-c5f31b0b09ea&AppEnvironment=datacollector-binary&UploadType=eteventstream] status=Processing
[2018.04.16-06.16.24:524][476]LogModuleManager: Shutting down and abandoning module SSL (40)
[2018.04.16-06.16.24:528][476]LogModuleManager: Shutting down and abandoning module AnimationModifiers (36)
[2018.04.16-06.16.24:529][476]LogModuleManager: Shutting down and abandoning module PropertyEditor (35)
[2018.04.16-06.16.24:529][476]LogModuleManager: Shutting down and abandoning module AudioEditor (32)
[2018.04.16-06.16.24:529][476]LogModuleManager: Shutting down and abandoning module TextureCompressor (30)
[2018.04.16-06.16.24:530][476]LogModuleManager: Shutting down and abandoning module ShaderCore (28)
[2018.04.16-06.16.24:530][476]LogModuleManager: Shutting down and abandoning module Landscape (26)
[2018.04.16-06.16.24:530][476]LogModuleManager: Shutting down and abandoning module SlateRHIRenderer (24)
[2018.04.16-06.16.24:534][476]LogModuleManager: Shutting down and abandoning module OpenGLDrv (22)
[2018.04.16-06.16.24:534][476]LogModuleManager: Shutting down and abandoning module D3D11RHI (20)
[2018.04.16-06.16.24:534][476]LogModuleManager: Shutting down and abandoning module AnimGraphRuntime (18)
[2018.04.16-06.16.24:534][476]LogModuleManager: Shutting down and abandoning module Renderer (16)
[2018.04.16-06.16.24:534][476]LogModuleManager: Shutting down and abandoning module Engine (14)
[2018.04.16-06.16.24:534][476]LogModuleManager: Shutting down and abandoning module CoreUObject (12)
[2018.04.16-06.16.24:534][476]LogModuleManager: Shutting down and abandoning module NetworkFile (10)
[2018.04.16-06.16.24:534][476]LogModuleManager: Shutting down and abandoning module CookedIterativeFile (8)
[2018.04.16-06.16.24:534][476]LogModuleManager: Shutting down and abandoning module StreamingFile (6)
[2018.04.16-06.16.24:534][476]LogModuleManager: Shutting down and abandoning module SandboxFile (4)
[2018.04.16-06.16.24:534][476]LogModuleManager: Shutting down and abandoning module PakFile (2)
[2018.04.16-06.16.24:540][476]LogExit: Exiting.
[2018.04.16-06.16.24:550][476]Log file closed, 04/16/18 14:16:24
